# JRE version: OpenJDK Runtime Environment (25.0.2) (build 25.0.2+-15348964-b329.117)
# Java VM: OpenJDK 64-Bit Server VM (25.0.2+-15348964-b329.117, mixed mode, tiered, compressed oops, compressed class ptrs, g1 gc, windows-amd64)
GC Precious Log:
 CardTable entry size: 512
 Card Set container configuration: InlinePtr #cards 5 size 8 Array Of Cards #cards 10 size 36 Howl #buckets 4 coarsen threshold 1843 Howl Bitmap #cards 512 size 80 coarsen threshold 460 Card regions per heap region 1 cards per card region 2048
 CPUs: 4 total, 4 available
 Memory: 3982M
 Large Page Support: Disabled
 NUMA Support: Disabled
 Compressed Oops: Enabled (32-bit)
 Heap Region Size: 1M
 Heap Min Capacity: 8M
 Heap Initial Capacity: 64M
 Heap Max Capacity: 2G
 Pre-touch: Disabled
 Parallel Workers: 4
 Concurrent Workers: 1
 Concurrent Refinement Workers: 4
 Periodic GC: Disabled
Heap:
 garbage-first heap   total reserved 2097152K, committed 142336K, used 123904K [0x0000000080000000, 0x0000000100000000)
  region size 1024K, 52 young (53248K), 4 survivors (4096K)
GC Heap Usage History (20 events):
Event: 37.409 {heap Before GC invocations=42 (full 0):
 garbage-first heap   total reserved 2097152K, committed 125952K, used 116561K [0x0000000080000000, 0x0000000100000000)
  region size 1024K, 68 young (69632K), 3 survivors (3072K)
}
Event: 37.413 {heap After GC invocations=43 (full 0):
 garbage-first heap   total reserved 2097152K, committed 125952K, used 50060K [0x0000000080000000, 0x0000000100000000)
  region size 1024K, 2 young (2048K), 2 survivors (2048K)
}
Event: 38.041 {heap Before GC invocations=43 (full 0):
 garbage-first heap   total reserved 2097152K, committed 125952K, used 117644K [0x0000000080000000, 0x0000000100000000)
  region size 1024K, 68 young (69632K), 2 survivors (2048K)
}
Event: 38.044 {heap After GC invocations=44 (full 0):
 garbage-first heap   total reserved 2097152K, committed 125952K, used 49312K [0x0000000080000000, 0x0000000100000000)
  region size 1024K, 1 young (1024K), 1 survivors (1024K)
}
Event: 40.077 {heap Before GC invocations=45 (full 0):
 garbage-first heap   total reserved 2097152K, committed 125952K, used 117920K [0x0000000080000000, 0x0000000100000000)
  region size 1024K, 68 young (69632K), 1 survivors (1024K)
}
Event: 40.088 {heap After GC invocations=46 (full 0):
 garbage-first heap   total reserved 2097152K, committed 125952K, used 53399K [0x0000000080000000, 0x0000000100000000)
  region size 1024K, 5 young (5120K), 5 survivors (5120K)
}
Event: 42.780 {heap Before GC invocations=46 (full 0):
 garbage-first heap   total reserved 2097152K, committed 125952K, used 117911K [0x0000000080000000, 0x0000000100000000)
  region size 1024K, 68 young (69632K), 5 survivors (5120K)
}
Event: 42.799 {heap After GC invocations=47 (full 0):
 garbage-first heap   total reserved 2097152K, committed 129024K, used 56610K [0x0000000080000000, 0x0000000100000000)
  region size 1024K, 9 young (9216K), 9 survivors (9216K)
}
Event: 45.068 {heap Before GC invocations=47 (full 0):
 garbage-first heap   total reserved 2097152K, committed 129024K, used 120098K [0x0000000080000000, 0x0000000100000000)
  region size 1024K, 71 young (72704K), 9 survivors (9216K)
}
Event: 45.087 {heap After GC invocations=48 (full 0):
 garbage-first heap   total reserved 2097152K, committed 134144K, used 59903K [0x0000000080000000, 0x0000000100000000)
  region size 1024K, 8 young (8192K), 8 survivors (8192K)
}
Event: 46.486 {heap Before GC invocations=49 (full 0):
 garbage-first heap   total reserved 2097152K, committed 134144K, used 123391K [0x0000000080000000, 0x0000000100000000)
  region size 1024K, 70 young (71680K), 8 survivors (8192K)
}
Event: 46.501 {heap After GC invocations=50 (full 0):
 garbage-first heap   total reserved 2097152K, committed 134144K, used 60989K [0x0000000080000000, 0x0000000100000000)
  region size 1024K, 5 young (5120K), 5 survivors (5120K)
}
Event: 48.878 {heap Before GC invocations=50 (full 0):
 garbage-first heap   total reserved 2097152K, committed 134144K, used 124477K [0x0000000080000000, 0x0000000100000000)
  region size 1024K, 67 young (68608K), 5 survivors (5120K)
}
Event: 48.896 {heap After GC invocations=51 (full 0):
 garbage-first heap   total reserved 2097152K, committed 136192K, used 65419K [0x0000000080000000, 0x0000000100000000)
  region size 1024K, 9 young (9216K), 9 survivors (9216K)
}
Event: 54.027 {heap Before GC invocations=51 (full 0):
 garbage-first heap   total reserved 2097152K, committed 136192K, used 123787K [0x0000000080000000, 0x0000000100000000)
  region size 1024K, 67 young (68608K), 9 survivors (9216K)
}
Event: 54.049 {heap After GC invocations=52 (full 0):
 garbage-first heap   total reserved 2097152K, committed 142336K, used 72702K [0x0000000080000000, 0x0000000100000000)
  region size 1024K, 8 young (8192K), 8 survivors (8192K)
}
Event: 62.059 {heap Before GC invocations=53 (full 0):
 garbage-first heap   total reserved 2097152K, committed 142336K, used 129022K [0x0000000080000000, 0x0000000100000000)
  region size 1024K, 63 young (64512K), 8 survivors (8192K)
}
Event: 62.072 {heap After GC invocations=54 (full 0):
 garbage-first heap   total reserved 2097152K, committed 142336K, used 74318K [0x0000000080000000, 0x0000000100000000)
  region size 1024K, 3 young (3072K), 3 survivors (3072K)
}
Event: 69.159 {heap Before GC invocations=54 (full 0):
 garbage-first heap   total reserved 2097152K, committed 142336K, used 129614K [0x0000000080000000, 0x0000000100000000)
  region size 1024K, 58 young (59392K), 3 survivors (3072K)
}
Event: 69.172 {heap After GC invocations=55 (full 0):
 garbage-first heap   total reserved 2097152K, committed 142336K, used 75776K [0x0000000080000000, 0x0000000100000000)
  region size 1024K, 4 young (4096K), 4 survivors (4096K)
}

