# JRE version: OpenJDK Runtime Environment (25.0.2) (build 25.0.2+-15348964-b329.117)
# Java VM: OpenJDK 64-Bit Server VM (25.0.2+-15348964-b329.117, mixed mode, tiered, compressed oops, compressed class ptrs, g1 gc, windows-amd64)
GC Precious Log:
 CardTable entry size: 512
 Card Set container configuration: InlinePtr #cards 5 size 8 Array Of Cards #cards 10 size 36 Howl #buckets 4 coarsen threshold 1843 Howl Bitmap #cards 512 size 80 coarsen threshold 460 Card regions per heap region 1 cards per card region 2048
 CPUs: 4 total, 4 available
 Memory: 3982M
 Large Page Support: Disabled
 NUMA Support: Disabled
 Compressed Oops: Enabled (32-bit)
 Heap Region Size: 1M
 Heap Min Capacity: 8M
 Heap Initial Capacity: 64M
 Heap Max Capacity: 2G
 Pre-touch: Disabled
 Parallel Workers: 4
 Concurrent Workers: 1
 Concurrent Refinement Workers: 4
 Periodic GC: Disabled
Heap:
 garbage-first heap   total reserved 2097152K, committed 91136K, used 60524K [0x0000000080000000, 0x0000000100000000)
  region size 1024K, 9 young (9216K), 2 survivors (2048K)
GC Heap Usage History (20 events):
Event: 7.089 {heap Before GC invocations=2 (full 0):
 garbage-first heap   total reserved 2097152K, committed 65536K, used 41255K [0x0000000080000000, 0x0000000100000000)
  region size 1024K, 29 young (29696K), 2 survivors (2048K)
}
Event: 7.098 {heap After GC invocations=3 (full 0):
 garbage-first heap   total reserved 2097152K, committed 65536K, used 17319K [0x0000000080000000, 0x0000000100000000)
  region size 1024K, 4 young (4096K), 4 survivors (4096K)
}
Event: 9.849 {heap Before GC invocations=3 (full 0):
 garbage-first heap   total reserved 2097152K, committed 65536K, used 43943K [0x0000000080000000, 0x0000000100000000)
  region size 1024K, 31 young (31744K), 4 survivors (4096K)
}
Event: 9.863 {heap After GC invocations=4 (full 0):
 garbage-first heap   total reserved 2097152K, committed 65536K, used 21056K [0x0000000080000000, 0x0000000100000000)
  region size 1024K, 4 young (4096K), 4 survivors (4096K)
}
Event: 9.884 {heap Before GC invocations=4 (full 0):
 garbage-first heap   total reserved 2097152K, committed 65536K, used 21056K [0x0000000080000000, 0x0000000100000000)
  region size 1024K, 5 young (5120K), 4 survivors (4096K)
}
Event: 9.894 {heap After GC invocations=5 (full 0):
 garbage-first heap   total reserved 2097152K, committed 65536K, used 21815K [0x0000000080000000, 0x0000000100000000)
  region size 1024K, 1 young (1024K), 1 survivors (1024K)
}
Event: 12.007 {heap Before GC invocations=6 (full 0):
 garbage-first heap   total reserved 2097152K, committed 65536K, used 49463K [0x0000000080000000, 0x0000000100000000)
  region size 1024K, 29 young (29696K), 1 survivors (1024K)
}
Event: 12.012 {heap After GC invocations=7 (full 0):
 garbage-first heap   total reserved 2097152K, committed 65536K, used 22827K [0x0000000080000000, 0x0000000100000000)
  region size 1024K, 2 young (2048K), 2 survivors (2048K)
}
Event: 14.003 {heap Before GC invocations=7 (full 0):
 garbage-first heap   total reserved 2097152K, committed 65536K, used 51499K [0x0000000080000000, 0x0000000100000000)
  region size 1024K, 31 young (31744K), 2 survivors (2048K)
}
Event: 14.010 {heap After GC invocations=8 (full 0):
 garbage-first heap   total reserved 2097152K, committed 65536K, used 24500K [0x0000000080000000, 0x0000000100000000)
  region size 1024K, 4 young (4096K), 4 survivors (4096K)
}
Event: 15.899 {heap Before GC invocations=8 (full 0):
 garbage-first heap   total reserved 2097152K, committed 65536K, used 53172K [0x0000000080000000, 0x0000000100000000)
  region size 1024K, 32 young (32768K), 4 survivors (4096K)
}
Event: 15.908 {heap After GC invocations=9 (full 0):
 garbage-first heap   total reserved 2097152K, committed 65536K, used 26272K [0x0000000080000000, 0x0000000100000000)
  region size 1024K, 4 young (4096K), 4 survivors (4096K)
}
Event: 16.301 {heap Before GC invocations=9 (full 0):
 garbage-first heap   total reserved 2097152K, committed 65536K, used 35488K [0x0000000080000000, 0x0000000100000000)
  region size 1024K, 14 young (14336K), 4 survivors (4096K)
}
Event: 16.310 {heap After GC invocations=10 (full 0):
 garbage-first heap   total reserved 2097152K, committed 65536K, used 26971K [0x0000000080000000, 0x0000000100000000)
  region size 1024K, 3 young (3072K), 3 survivors (3072K)
}
Event: 18.968 {heap Before GC invocations=11 (full 0):
 garbage-first heap   total reserved 2097152K, committed 65536K, used 62811K [0x0000000080000000, 0x0000000100000000)
  region size 1024K, 31 young (31744K), 3 survivors (3072K)
}
Event: 18.977 {heap After GC invocations=12 (full 0):
 garbage-first heap   total reserved 2097152K, committed 71680K, used 39837K [0x0000000080000000, 0x0000000100000000)
  region size 1024K, 4 young (4096K), 4 survivors (4096K)
}
Event: 20.233 {heap Before GC invocations=12 (full 0):
 garbage-first heap   total reserved 2097152K, committed 71680K, used 70557K [0x0000000080000000, 0x0000000100000000)
  region size 1024K, 25 young (25600K), 4 survivors (4096K)
}
Event: 20.243 {heap After GC invocations=13 (full 0):
 garbage-first heap   total reserved 2097152K, committed 80896K, used 51794K [0x0000000080000000, 0x0000000100000000)
  region size 1024K, 4 young (4096K), 4 survivors (4096K)
}
Event: 21.052 {heap Before GC invocations=13 (full 0):
 garbage-first heap   total reserved 2097152K, committed 80896K, used 70226K [0x0000000080000000, 0x0000000100000000)
  region size 1024K, 22 young (22528K), 4 survivors (4096K)
}
Event: 21.057 {heap After GC invocations=14 (full 0):
 garbage-first heap   total reserved 2097152K, committed 80896K, used 53694K [0x0000000080000000, 0x0000000100000000)
  region size 1024K, 1 young (1024K), 1 survivors (1024K)
}

